[13-Nov-2025 09:18:23 UTC] [ERROR] [13-Nov-2025 09:18:23 UTC] Missing required field: personality_type in input: Array
(
    [user_id] => 50
    [answers] => Array
        (
            [1] => 3
            [2] => 6
            [3] => 11
            [4] => 16
            [5] => 24
            [6] => 29
            [7] => 35
            [8] => 36
            [9] => 42
            [10] => 47
            [11] => 53
            [12] => 56
            [13] => 61
            [14] => 68
            [15] => 73
            [16] => 79
            [17] => 81
            [18] => 86
            [19] => 94
            [20] => 99
            [21] => 105
            [22] => 106
            [23] => 112
            [24] => 116
            [25] => 124
            [26] => 128
            [27] => 133
            [28] => 137
            [29] => 144
            [30] => 146
        )

)

